2018-01-09 08:20:52,395 INFO 333333 create_account
2018-01-09 08:27:29,006 INFO 555555 create_account
2018-01-09 11:40:07,252 INFO test login
2018-01-09 11:41:16,177 INFO test login
2018-01-09 11:42:14,402 INFO test login
2018-01-09 11:44:57,625 INFO test login
2018-01-09 11:46:23,119 INFO 111111 login
2018-01-09 11:48:04,020 INFO test login
2018-01-09 11:49:05,341 INFO 111111 login
2018-01-09 11:49:07,517 INFO 111111 logout
2018-01-09 11:52:31,439 INFO test login
2018-01-09 11:52:38,226 INFO test logout
2018-01-09 11:53:26,363 INFO 111111 login
2018-01-09 11:53:48,532 INFO 111111 logout
2018-01-09 11:57:12,707 INFO 111111 login
2018-01-09 11:58:09,583 INFO test login
2018-01-09 12:01:58,546 INFO test login
2018-01-09 12:02:14,864 INFO test logout
2018-01-09 12:05:04,955 INFO test login
2018-01-09 12:06:33,679 INFO test logout
2018-01-09 12:53:53,915 INFO test login
2018-01-09 12:54:31,408 INFO test logout
2018-01-09 12:56:24,271 INFO test login
2018-01-09 12:57:20,889 INFO test logout
2018-01-09 12:58:57,824 INFO test login
2018-01-09 12:59:04,292 INFO test logout
2018-01-09 12:59:16,749 INFO 111111 login
2018-01-09 13:00:52,589 INFO test login
2018-01-09 13:01:19,770 INFO test logout
2018-01-09 13:01:50,855 INFO test login
2018-01-09 13:02:22,648 INFO 666666 create_account
2018-01-09 13:06:16,795 INFO test login
2018-01-09 13:08:19,868 INFO test login
2018-01-09 13:10:55,007 INFO test login
2018-01-09 13:10:55,020 INFO test locked
2018-01-09 13:13:08,283 INFO test login
2018-01-09 13:13:08,296 INFO test locked
2018-01-09 13:24:16,094 INFO test login
2018-01-09 13:25:26,071 INFO test login
2018-01-09 13:26:05,328 INFO test logout
2018-01-09 13:29:07,524 INFO 111111 login
2018-01-09 13:29:11,635 INFO 111111 logout
2018-01-09 13:29:17,657 INFO test login
2018-01-09 13:34:29,655 INFO test login
2018-01-09 13:35:15,507 INFO test login
2018-01-09 13:36:18,040 INFO test login
2018-01-09 13:38:15,255 INFO test locked
2018-01-09 13:38:41,174 INFO test login
2018-01-09 13:46:11,837 INFO test login
2018-01-09 13:46:25,989 INFO test logout
2018-01-09 13:47:14,043 INFO 111111 login
2018-01-09 13:52:43,687 INFO test login
2018-01-09 13:52:55,641 INFO test login
2018-01-09 13:55:52,233 INFO test login
2018-01-09 13:56:26,122 INFO test login
2018-01-09 13:59:45,491 INFO test login
2018-01-09 14:01:59,387 INFO test login
2018-01-09 14:02:07,500 INFO test logout
2018-01-09 14:05:33,966 INFO test login
2018-01-09 14:05:39,608 INFO test logout
2018-01-09 14:05:53,179 INFO 111111 login
2018-01-09 14:06:16,515 INFO 111111 logout
2018-01-09 14:12:53,136 INFO 4444 create_account
2018-01-09 14:13:02,881 INFO test login
2018-01-09 14:15:29,183 INFO test login
2018-01-09 14:15:59,619 INFO 111111 login
2018-01-09 14:16:23,529 INFO 111111 logout
2018-01-09 18:35:06,984 INFO 101010 create_account
2018-01-09 18:47:16,859 INFO 343434 create_account
2018-01-09 18:54:32,839 INFO lynnfang create_account
2018-01-09 18:55:53,091 INFO lynnfang create_account
2018-01-09 18:56:02,067 INFO lynnfang login
2018-01-09 18:56:27,756 INFO lynnfang logout
2018-01-09 18:57:13,849 INFO chenbiyun create_account
2018-01-09 18:57:44,552 INFO chenbiyun login
2018-01-09 18:58:13,828 INFO chenbiyun logout
2018-01-09 18:58:29,652 INFO lynnfang login
2018-01-09 18:59:25,398 INFO lynnfang logout
2018-01-09 18:59:34,574 INFO chenbiyun login
2018-01-09 19:05:06,127 INFO lynnfang login
2018-01-09 19:08:53,578 INFO lynnfang login
2018-01-09 19:11:09,089 INFO lynnfang login
2018-01-09 19:12:30,041 INFO lynnfang locked
2018-01-09 20:26:59,839 INFO qihanfang create_account
2018-01-09 21:21:33,122 INFO 333333 login
2018-01-09 21:23:08,395 INFO 333333 logout
2018-01-09 21:48:55,342 INFO 555555 login
2018-01-09 21:50:43,807 INFO 555555 logout
2018-01-09 22:01:12,903 INFO 333333 login
2018-01-09 22:04:53,872 INFO 333333 login
2018-01-09 22:05:07,480 INFO 333333 logout
2018-01-09 22:06:15,262 INFO 555555 login
2018-01-09 22:26:58,228 INFO 1111111 create_account
2018-01-09 22:27:58,461 INFO 232323 create_account
2018-01-09 22:28:18,864 INFO 2121212 create_account
2018-01-09 22:28:40,726 INFO 1212121212 create_account
2018-01-09 22:29:09,366 INFO 2232323 create_account
2018-01-09 22:29:58,331 INFO 23232323 create_account
2018-01-09 22:30:27,627 INFO 4444444 create_account
2018-01-09 22:36:54,115 INFO 111111 logout
2018-01-09 22:37:30,722 INFO 111111 logout
2018-01-09 22:37:52,883 INFO 111111 logout
2018-01-09 22:41:21,609 INFO 111111 logout
2018-01-09 22:42:17,192 INFO 111111 logout
2018-01-09 22:42:24,785 INFO 111111 logout
2018-01-09 22:44:01,602 INFO 111111 logout
2018-01-09 22:44:22,800 INFO 111111 logout
2018-01-09 22:54:27,542 INFO 111111 logout
2018-01-10 09:49:35,275 INFO 12121212 create_account
2018-01-10 09:51:01,110 INFO 2323233 create_account
2018-01-10 09:51:17,355 INFO test logout
2018-01-10 09:51:26,930 INFO 111111 logout
2018-01-10 09:51:38,638 INFO 222222 logout
2018-01-10 09:52:13,485 INFO 111111 login
2018-01-10 09:53:39,480 INFO 111111 logout
2018-01-10 09:53:43,648 INFO 111111 logout
2018-01-10 09:53:55,285 INFO 111111 login
2018-01-10 09:54:06,511 INFO 111111 logout
2018-01-10 09:54:10,331 INFO 111111 logout
2018-01-10 09:54:20,070 INFO 111111 login
2018-01-10 09:54:32,119 INFO 111111 logout
2018-01-10 10:00:56,774 INFO 111111 login
2018-01-10 10:01:45,534 INFO 111111 locked
2018-01-10 10:03:53,922 INFO test logout
2018-01-10 10:04:07,258 INFO 222222 login
2018-01-10 10:04:13,051 INFO 222222 locked
2018-01-10 10:04:13,052 INFO 222222 logout
2018-01-10 10:04:23,620 INFO 222222 logout
2018-01-10 10:05:23,900 INFO 222222 logout
2018-01-10 10:11:28,189 INFO 333333 login
2018-01-10 10:20:15,866 INFO 333333 login
2018-01-10 10:22:40,890 INFO 333333 logout
2018-01-10 10:23:02,910 INFO 333333 login
2018-01-10 10:23:51,370 INFO 333333 logout
2018-01-10 10:24:30,879 INFO 555555 login
2018-01-10 10:25:39,781 INFO 555555 logout
2018-01-10 10:26:06,539 INFO 555555 login
2018-01-10 10:28:58,120 INFO 555555 logout
2018-01-10 11:51:08,506 INFO 333333 login
2018-01-10 11:52:44,592 INFO 333333 logout
2018-01-10 11:52:57,271 INFO 555555 login
2018-01-10 11:53:42,620 INFO 555555 logout
2018-01-10 13:45:22,541 INFO 123456 create_account
