2018-01-09 09:21:21,656 INFO 111111 pay_back 221 
2018-01-09 09:22:46,629 INFO 111111 pay_back 0 
2018-01-09 09:32:00,282 INFO test charge 130 
2018-01-09 09:32:19,378 INFO test charge 250 
2018-01-09 09:33:26,189 INFO 111111 charge 1000 
2018-01-09 09:35:59,807 INFO 111111 pay_back -10000 
2018-01-09 09:42:47,989 INFO 111111 pay_back -10000 
2018-01-09 09:44:01,242 INFO 111111 pay_back -10000 
2018-01-09 09:44:43,182 INFO 111111 pay_back -10000 
2018-01-09 09:49:02,013 INFO 111111 pay_back -10000 
2018-01-09 09:49:12,094 INFO 111111 charge 100 
2018-01-09 09:54:52,193 INFO 111111 charge 10000 
2018-01-09 09:56:06,018 INFO 111111 charge 8000 
2018-01-09 09:56:06,019 INFO 111111 pay_back -20000 
2018-01-09 10:01:49,051 INFO 111111 pay_back -3000 
2018-01-09 10:04:15,581 INFO 111111 charge 1200 
2018-01-09 10:04:17,116 INFO 111111 pay_back -2000 
2018-01-09 10:18:19,810 INFO test withdraw -22144 pay_bills
2018-01-09 10:18:34,711 INFO test withdraw -1000 pay_bills
2018-01-09 10:19:17,809 INFO test withdraw -600 pay_bills
2018-01-09 10:19:45,147 INFO test withdraw -700 pay_bills
2018-01-09 10:20:12,592 INFO test withdraw -600 balance
2018-01-09 11:03:34,487 INFO 111111 transfer 10000 test
2018-01-09 11:06:00,248 INFO 111111 charge 10000 
2018-01-09 11:06:00,248 INFO 111111 pay_back -9800 
2018-01-09 11:06:20,879 INFO 111111 transfer -100 fromtest
2018-01-09 11:06:20,879 INFO test transfer 100 from111111
2018-01-09 11:07:17,239 INFO test transfer -100 to-111111
2018-01-09 11:07:17,240 INFO 111111 transfer 100 from-test
2018-01-09 11:08:11,978 INFO test transfer -20 to_111111
2018-01-09 11:08:11,979 INFO 111111 recieve 20 from_test
2018-01-09 11:10:03,951 INFO test transfer ￥-99 to_111111
2018-01-09 11:10:03,951 INFO 111111 recieve ￥99 from_test
2018-01-09 11:33:55,427 INFO test transfer ￥-200 to_111111
2018-01-09 11:33:55,428 INFO 111111 receive ￥200 from_test
2018-01-09 11:36:01,849 INFO test transfer ￥-99 to_111111
2018-01-09 11:36:01,850 INFO 111111 receive ￥99 from_test
2018-01-09 12:59:29,913 INFO 111111 charge ￥10000 
2018-01-09 13:25:26,080 INFO test consume ￥9500.0 
2018-01-09 13:29:42,188 INFO test transfer ￥-12 to_test
2018-01-09 13:29:42,188 INFO test receive ￥12 from_test
2018-01-09 13:36:44,454 INFO test transfer ￥-2000 to_111111
2018-01-09 13:36:44,455 INFO 111111 receive ￥2000 from_test
2018-01-09 13:37:11,248 INFO test transfer ￥-222 to_222222
2018-01-09 13:37:11,248 INFO 222222 receive ￥222 from_test
2018-01-09 13:37:23,428 INFO test withdraw ￥-200 from_pay_bills
2018-01-09 13:37:36,139 INFO test charge ￥200000 
2018-01-09 13:37:36,140 INFO test pay_back ￥-11844.0 
2018-01-09 13:38:48,090 INFO test transfer ￥-1 to_111111
2018-01-09 13:38:48,091 INFO 111111 receive ￥1 from_test
2018-01-09 13:39:10,759 INFO test withdraw ￥-10000 from_balance
2018-01-09 13:39:34,411 INFO test charge ￥100000 
2018-01-09 13:40:14,379 INFO test consume ￥28500.0 
2018-01-09 18:59:06,724 INFO lynnfang transfer ￥-10000 to_chenbiyun
2018-01-09 18:59:06,724 INFO chenbiyun receive ￥10000 from_lynnfang
2018-01-09 18:59:50,767 INFO chenbiyun withdraw ￥-8000 from_balance
2018-01-09 18:59:56,280 INFO chenbiyun withdraw ￥-200 from_balance
2018-01-09 19:03:06,258 INFO chenbiyun charge ￥2000.0 
2018-01-09 19:03:06,259 INFO chenbiyun consume ￥18388.0 
2018-01-09 19:06:02,776 INFO lynnfang consume ￥50.0 
2018-01-09 19:11:29,774 INFO lynnfang charge ￥10050 
2018-01-09 19:11:29,774 INFO lynnfang pay_back ￥-10050.0 
2018-01-09 21:21:33,133 INFO 333333 consume ￥9566.0 
2018-01-09 21:22:14,107 INFO 333333 transfer ￥-3000 to_111111
2018-01-09 21:22:14,108 INFO 111111 receive ￥3000 from_333333
2018-01-09 21:22:23,905 INFO 333333 charge ￥20000 
2018-01-09 21:22:23,906 INFO 333333 pay_back ￥-12566.0 
2018-01-09 21:22:33,022 INFO 333333 withdraw ￥-5000 from_balance
2018-01-09 21:22:53,582 INFO 333333 charge ￥10000 
2018-01-09 21:49:20,473 INFO 555555 charge ￥20000.0 
2018-01-09 21:49:20,473 INFO 555555 consume ￥18454.0 
2018-01-09 21:49:30,154 INFO 555555 consume ￥66.0 
2018-01-09 21:50:02,808 INFO 555555 transfer ￥-3000 to_333333
2018-01-09 21:50:02,809 INFO 333333 receive ￥3000 from_555555
2018-01-09 21:50:12,911 INFO 555555 transfer ￥-200 to_333333
2018-01-09 21:50:12,911 INFO 333333 receive ￥200 from_555555
2018-01-09 21:50:22,004 INFO 555555 withdraw ￥-1000 from_balance
2018-01-09 21:50:38,849 INFO 555555 charge ￥209 
2018-01-10 10:20:15,878 INFO 333333 consume ￥28024.0 
2018-01-10 10:23:13,101 INFO 333333 charge ￥8000.0 
2018-01-10 10:23:13,101 INFO 333333 consume ￥9636.0 
2018-01-10 10:24:30,889 INFO 555555 consume ￥9636.0 
2018-01-10 10:25:03,065 INFO 555555 consume ￥70.0 
2018-01-10 10:26:06,546 INFO 555555 consume ￥66.0 
2018-01-10 11:51:27,999 INFO 333333 transfer ￥-100 to_555555
2018-01-10 11:51:28,000 INFO 555555 receive ￥100 from_333333
2018-01-10 11:53:02,171 INFO 555555 transfer ￥-200 to_333333
2018-01-10 11:53:02,172 INFO 333333 receive ￥200 from_555555
2018-01-10 14:34:06,528 INFO 333333 withdraw ￥23 from_balance
2018-01-10 14:39:20,416 INFO 6666667 charge ￥10000 
2018-01-10 14:40:25,289 INFO 6666667 transfer ￥900 to_333333
2018-01-10 14:40:25,290 INFO 333333 receive ￥900 from_6666667
2018-01-10 14:40:47,902 INFO 6666667 withdraw ￥300 from_balance
2018-01-10 14:42:09,506 INFO 6666667 withdraw ￥22 from_balance
2018-01-10 14:42:22,146 INFO 6666667 withdraw ￥100 from_balance
2018-01-10 14:43:08,257 INFO 6666667 consume ￥9500.0 
2018-01-10 14:44:47,210 INFO 6666667 consume ￥9500.0 
2018-01-10 14:50:34,242 INFO 555555 transfer ￥100 to_333333
2018-01-10 14:50:34,243 INFO 333333 receive ￥100 from_555555
2018-01-10 15:04:18,088 INFO 6666667 transfer ￥11 to_333333
2018-01-10 15:04:18,089 INFO 333333 receive ￥11 from_6666667
2018-01-10 15:05:13,289 INFO 6666667 transfer ￥2345 to_555555
2018-01-10 15:05:13,289 INFO 555555 receive ￥2345 from_6666667
